C:\Users\David\Desktop\LeapSDK\samples\Debug\.NETFramework,Version=v4.0.AssemblyAttributes.obj
C:\Users\David\Desktop\LeapSDK\samples\Debug\cl.command.1.tlog
C:\Users\David\Desktop\LeapSDK\samples\Debug\CL.read.1.tlog
C:\Users\David\Desktop\LeapSDK\samples\Debug\CL.write.1.tlog
C:\Users\David\Desktop\LeapSDK\samples\Debug\GenerateResource.read.1.tlog
C:\Users\David\Desktop\LeapSDK\samples\Debug\GenerateResource.read.10.tlog
C:\Users\David\Desktop\LeapSDK\samples\Debug\GenerateResource.read.112.tlog
C:\Users\David\Desktop\LeapSDK\samples\Debug\GenerateResource.read.131.tlog
C:\Users\David\Desktop\LeapSDK\samples\Debug\GenerateResource.read.24.tlog
C:\Users\David\Desktop\LeapSDK\samples\Debug\GenerateResource.read.27.tlog
C:\Users\David\Desktop\LeapSDK\samples\Debug\GenerateResource.read.37.tlog
C:\Users\David\Desktop\LeapSDK\samples\Debug\GenerateResource.read.393.tlog
C:\Users\David\Desktop\LeapSDK\samples\Debug\GenerateResource.read.49.tlog
C:\Users\David\Desktop\LeapSDK\samples\Debug\GenerateResource.read.59.tlog
C:\Users\David\Desktop\LeapSDK\samples\Debug\GenerateResource.read.7.tlog
C:\Users\David\Desktop\LeapSDK\samples\Debug\GenerateResource.read.8.tlog
C:\Users\David\Desktop\LeapSDK\samples\Debug\GenerateResource.read.87.tlog
C:\Users\David\Desktop\LeapSDK\samples\Debug\GenerateResource.write.1.tlog
C:\Users\David\Desktop\LeapSDK\samples\Debug\GenerateResource.write.10.tlog
C:\Users\David\Desktop\LeapSDK\samples\Debug\GenerateResource.write.112.tlog
C:\Users\David\Desktop\LeapSDK\samples\Debug\GenerateResource.write.131.tlog
C:\Users\David\Desktop\LeapSDK\samples\Debug\GenerateResource.write.24.tlog
C:\Users\David\Desktop\LeapSDK\samples\Debug\GenerateResource.write.27.tlog
C:\Users\David\Desktop\LeapSDK\samples\Debug\GenerateResource.write.37.tlog
C:\Users\David\Desktop\LeapSDK\samples\Debug\GenerateResource.write.393.tlog
C:\Users\David\Desktop\LeapSDK\samples\Debug\GenerateResource.write.49.tlog
C:\Users\David\Desktop\LeapSDK\samples\Debug\GenerateResource.write.59.tlog
C:\Users\David\Desktop\LeapSDK\samples\Debug\GenerateResource.write.7.tlog
C:\Users\David\Desktop\LeapSDK\samples\Debug\GenerateResource.write.8.tlog
C:\Users\David\Desktop\LeapSDK\samples\Debug\GenerateResource.write.87.tlog
C:\Users\David\Desktop\LeapSDK\samples\Debug\interfaz.obj
C:\Users\David\Desktop\LeapSDK\samples\Debug\interfaz_ganador.obj
C:\Users\David\Desktop\LeapSDK\samples\Debug\link.1096.read.1.tlog
C:\Users\David\Desktop\LeapSDK\samples\Debug\link.1096.write.1.tlog
C:\Users\David\Desktop\LeapSDK\samples\Debug\link.1144.read.1.tlog
C:\Users\David\Desktop\LeapSDK\samples\Debug\link.1144.write.1.tlog
C:\Users\David\Desktop\LeapSDK\samples\Debug\link.1332.read.1.tlog
C:\Users\David\Desktop\LeapSDK\samples\Debug\link.1332.write.1.tlog
C:\Users\David\Desktop\LeapSDK\samples\Debug\link.1532.read.1.tlog
C:\Users\David\Desktop\LeapSDK\samples\Debug\link.1532.write.1.tlog
C:\Users\David\Desktop\LeapSDK\samples\Debug\link.1560.read.1.tlog
C:\Users\David\Desktop\LeapSDK\samples\Debug\link.1560.write.1.tlog
C:\Users\David\Desktop\LeapSDK\samples\Debug\link.1804.read.1.tlog
C:\Users\David\Desktop\LeapSDK\samples\Debug\link.1804.write.1.tlog
C:\Users\David\Desktop\LeapSDK\samples\Debug\link.1896.read.1.tlog
C:\Users\David\Desktop\LeapSDK\samples\Debug\link.1896.write.1.tlog
C:\Users\David\Desktop\LeapSDK\samples\Debug\link.1928.read.1.tlog
C:\Users\David\Desktop\LeapSDK\samples\Debug\link.1928.write.1.tlog
C:\Users\David\Desktop\LeapSDK\samples\Debug\link.2052.read.1.tlog
C:\Users\David\Desktop\LeapSDK\samples\Debug\link.2052.write.1.tlog
C:\Users\David\Desktop\LeapSDK\samples\Debug\link.2136.read.1.tlog
C:\Users\David\Desktop\LeapSDK\samples\Debug\link.2136.write.1.tlog
C:\Users\David\Desktop\LeapSDK\samples\Debug\link.2220.read.1.tlog
C:\Users\David\Desktop\LeapSDK\samples\Debug\link.2220.write.1.tlog
C:\Users\David\Desktop\LeapSDK\samples\Debug\link.2284.read.1.tlog
C:\Users\David\Desktop\LeapSDK\samples\Debug\link.2284.write.1.tlog
C:\Users\David\Desktop\LeapSDK\samples\Debug\link.2324.read.1.tlog
C:\Users\David\Desktop\LeapSDK\samples\Debug\link.2324.write.1.tlog
C:\Users\David\Desktop\LeapSDK\samples\Debug\link.2384.read.1.tlog
C:\Users\David\Desktop\LeapSDK\samples\Debug\link.2384.write.1.tlog
C:\Users\David\Desktop\LeapSDK\samples\Debug\link.2532.read.1.tlog
C:\Users\David\Desktop\LeapSDK\samples\Debug\link.2532.write.1.tlog
C:\Users\David\Desktop\LeapSDK\samples\Debug\link.2668.read.1.tlog
C:\Users\David\Desktop\LeapSDK\samples\Debug\link.2668.write.1.tlog
C:\Users\David\Desktop\LeapSDK\samples\Debug\link.2700.read.1.tlog
C:\Users\David\Desktop\LeapSDK\samples\Debug\link.2700.write.1.tlog
C:\Users\David\Desktop\LeapSDK\samples\Debug\link.2720.read.1.tlog
C:\Users\David\Desktop\LeapSDK\samples\Debug\link.2720.write.1.tlog
C:\Users\David\Desktop\LeapSDK\samples\Debug\link.2856.read.1.tlog
C:\Users\David\Desktop\LeapSDK\samples\Debug\link.2856.write.1.tlog
C:\Users\David\Desktop\LeapSDK\samples\Debug\link.3352.read.1.tlog
C:\Users\David\Desktop\LeapSDK\samples\Debug\link.3352.write.1.tlog
C:\Users\David\Desktop\LeapSDK\samples\Debug\link.3484.read.1.tlog
C:\Users\David\Desktop\LeapSDK\samples\Debug\link.3484.write.1.tlog
C:\Users\David\Desktop\LeapSDK\samples\Debug\link.4204.read.1.tlog
C:\Users\David\Desktop\LeapSDK\samples\Debug\link.4204.write.1.tlog
C:\Users\David\Desktop\LeapSDK\samples\Debug\link.4324.read.1.tlog
C:\Users\David\Desktop\LeapSDK\samples\Debug\link.4324.write.1.tlog
C:\Users\David\Desktop\LeapSDK\samples\Debug\link.4544.read.1.tlog
C:\Users\David\Desktop\LeapSDK\samples\Debug\link.4544.write.1.tlog
C:\Users\David\Desktop\LeapSDK\samples\Debug\link.4684.read.1.tlog
C:\Users\David\Desktop\LeapSDK\samples\Debug\link.4684.write.1.tlog
C:\Users\David\Desktop\LeapSDK\samples\Debug\link.4728.read.1.tlog
C:\Users\David\Desktop\LeapSDK\samples\Debug\link.4728.write.1.tlog
C:\Users\David\Desktop\LeapSDK\samples\Debug\link.4816.read.1.tlog
C:\Users\David\Desktop\LeapSDK\samples\Debug\link.4816.write.1.tlog
C:\Users\David\Desktop\LeapSDK\samples\Debug\link.4888.read.1.tlog
C:\Users\David\Desktop\LeapSDK\samples\Debug\link.4888.write.1.tlog
C:\Users\David\Desktop\LeapSDK\samples\Debug\link.4952.read.1.tlog
C:\Users\David\Desktop\LeapSDK\samples\Debug\link.4952.write.1.tlog
C:\Users\David\Desktop\LeapSDK\samples\Debug\link.5084.read.1.tlog
C:\Users\David\Desktop\LeapSDK\samples\Debug\link.5084.write.1.tlog
C:\Users\David\Desktop\LeapSDK\samples\Debug\link.5148.read.1.tlog
C:\Users\David\Desktop\LeapSDK\samples\Debug\link.5148.write.1.tlog
C:\Users\David\Desktop\LeapSDK\samples\Debug\link.5208.read.1.tlog
C:\Users\David\Desktop\LeapSDK\samples\Debug\link.5208.write.1.tlog
C:\Users\David\Desktop\LeapSDK\samples\Debug\link.5228.read.1.tlog
C:\Users\David\Desktop\LeapSDK\samples\Debug\link.5228.write.1.tlog
C:\Users\David\Desktop\LeapSDK\samples\Debug\link.5252.read.1.tlog
C:\Users\David\Desktop\LeapSDK\samples\Debug\link.5252.write.1.tlog
C:\Users\David\Desktop\LeapSDK\samples\Debug\link.5284.read.1.tlog
C:\Users\David\Desktop\LeapSDK\samples\Debug\link.5284.write.1.tlog
C:\Users\David\Desktop\LeapSDK\samples\Debug\link.5480.read.1.tlog
C:\Users\David\Desktop\LeapSDK\samples\Debug\link.5480.write.1.tlog
C:\Users\David\Desktop\LeapSDK\samples\Debug\link.5712.read.1.tlog
C:\Users\David\Desktop\LeapSDK\samples\Debug\link.5712.write.1.tlog
C:\Users\David\Desktop\LeapSDK\samples\Debug\link.5916.read.1.tlog
C:\Users\David\Desktop\LeapSDK\samples\Debug\link.5916.write.1.tlog
C:\Users\David\Desktop\LeapSDK\samples\Debug\link.5948.read.1.tlog
C:\Users\David\Desktop\LeapSDK\samples\Debug\link.5948.write.1.tlog
C:\Users\David\Desktop\LeapSDK\samples\Debug\link.6052.read.1.tlog
C:\Users\David\Desktop\LeapSDK\samples\Debug\link.6052.write.1.tlog
C:\Users\David\Desktop\LeapSDK\samples\Debug\link.6080.read.1.tlog
C:\Users\David\Desktop\LeapSDK\samples\Debug\link.6080.write.1.tlog
C:\Users\David\Desktop\LeapSDK\samples\Debug\link.6092.read.1.tlog
C:\Users\David\Desktop\LeapSDK\samples\Debug\link.6092.write.1.tlog
C:\Users\David\Desktop\LeapSDK\samples\Debug\link.6100.read.1.tlog
C:\Users\David\Desktop\LeapSDK\samples\Debug\link.6100.write.1.tlog
C:\Users\David\Desktop\LeapSDK\samples\Debug\link.6116.read.1.tlog
C:\Users\David\Desktop\LeapSDK\samples\Debug\link.6116.write.1.tlog
C:\Users\David\Desktop\LeapSDK\samples\Debug\link.6148.read.1.tlog
C:\Users\David\Desktop\LeapSDK\samples\Debug\link.6148.write.1.tlog
C:\Users\David\Desktop\LeapSDK\samples\Debug\link.6224.read.1.tlog
C:\Users\David\Desktop\LeapSDK\samples\Debug\link.6224.write.1.tlog
C:\Users\David\Desktop\LeapSDK\samples\Debug\link.6328.read.1.tlog
C:\Users\David\Desktop\LeapSDK\samples\Debug\link.6328.write.1.tlog
C:\Users\David\Desktop\LeapSDK\samples\Debug\link.6344.read.1.tlog
C:\Users\David\Desktop\LeapSDK\samples\Debug\link.6344.write.1.tlog
C:\Users\David\Desktop\LeapSDK\samples\Debug\link.6348.read.1.tlog
C:\Users\David\Desktop\LeapSDK\samples\Debug\link.6348.write.1.tlog
C:\Users\David\Desktop\LeapSDK\samples\Debug\link.6364.read.1.tlog
C:\Users\David\Desktop\LeapSDK\samples\Debug\link.6364.write.1.tlog
C:\Users\David\Desktop\LeapSDK\samples\Debug\link.6484.read.1.tlog
C:\Users\David\Desktop\LeapSDK\samples\Debug\link.6484.write.1.tlog
C:\Users\David\Desktop\LeapSDK\samples\Debug\link.6512.read.1.tlog
C:\Users\David\Desktop\LeapSDK\samples\Debug\link.6512.write.1.tlog
C:\Users\David\Desktop\LeapSDK\samples\Debug\link.6576.read.1.tlog
C:\Users\David\Desktop\LeapSDK\samples\Debug\link.6576.write.1.tlog
C:\Users\David\Desktop\LeapSDK\samples\Debug\link.6580.read.1.tlog
C:\Users\David\Desktop\LeapSDK\samples\Debug\link.6580.write.1.tlog
C:\Users\David\Desktop\LeapSDK\samples\Debug\link.6604.read.1.tlog
C:\Users\David\Desktop\LeapSDK\samples\Debug\link.6604.write.1.tlog
C:\Users\David\Desktop\LeapSDK\samples\Debug\link.6612.read.1.tlog
C:\Users\David\Desktop\LeapSDK\samples\Debug\link.6612.write.1.tlog
C:\Users\David\Desktop\LeapSDK\samples\Debug\link.6616.read.1.tlog
C:\Users\David\Desktop\LeapSDK\samples\Debug\link.6616.write.1.tlog
C:\Users\David\Desktop\LeapSDK\samples\Debug\link.6620.read.1.tlog
C:\Users\David\Desktop\LeapSDK\samples\Debug\link.6620.write.1.tlog
C:\Users\David\Desktop\LeapSDK\samples\Debug\link.6632.read.1.tlog
C:\Users\David\Desktop\LeapSDK\samples\Debug\link.6632.write.1.tlog
C:\Users\David\Desktop\LeapSDK\samples\Debug\link.6712.read.1.tlog
C:\Users\David\Desktop\LeapSDK\samples\Debug\link.6712.write.1.tlog
C:\Users\David\Desktop\LeapSDK\samples\Debug\link.6724.read.1.tlog
C:\Users\David\Desktop\LeapSDK\samples\Debug\link.6724.write.1.tlog
C:\Users\David\Desktop\LeapSDK\samples\Debug\link.6732.read.1.tlog
C:\Users\David\Desktop\LeapSDK\samples\Debug\link.6732.write.1.tlog
C:\Users\David\Desktop\LeapSDK\samples\Debug\link.6828.read.1.tlog
C:\Users\David\Desktop\LeapSDK\samples\Debug\link.6828.write.1.tlog
C:\Users\David\Desktop\LeapSDK\samples\Debug\link.6828-cvtres.read.1.tlog
C:\Users\David\Desktop\LeapSDK\samples\Debug\link.6828-cvtres.write.1.tlog
C:\Users\David\Desktop\LeapSDK\samples\Debug\link.6864.read.1.tlog
C:\Users\David\Desktop\LeapSDK\samples\Debug\link.6864.write.1.tlog
C:\Users\David\Desktop\LeapSDK\samples\Debug\link.6952.read.1.tlog
C:\Users\David\Desktop\LeapSDK\samples\Debug\link.6952.write.1.tlog
C:\Users\David\Desktop\LeapSDK\samples\Debug\link.6968.read.1.tlog
C:\Users\David\Desktop\LeapSDK\samples\Debug\link.6968.write.1.tlog
C:\Users\David\Desktop\LeapSDK\samples\Debug\link.6976.read.1.tlog
C:\Users\David\Desktop\LeapSDK\samples\Debug\link.6976.write.1.tlog
C:\Users\David\Desktop\LeapSDK\samples\Debug\link.7004.read.1.tlog
C:\Users\David\Desktop\LeapSDK\samples\Debug\link.7004.write.1.tlog
C:\Users\David\Desktop\LeapSDK\samples\Debug\link.7028.read.1.tlog
C:\Users\David\Desktop\LeapSDK\samples\Debug\link.7028.write.1.tlog
C:\Users\David\Desktop\LeapSDK\samples\Debug\link.8036.read.1.tlog
C:\Users\David\Desktop\LeapSDK\samples\Debug\link.8036.write.1.tlog
C:\Users\David\Desktop\LeapSDK\samples\Debug\link.8036-cvtres.read.1.tlog
C:\Users\David\Desktop\LeapSDK\samples\Debug\link.8036-cvtres.write.1.tlog
C:\Users\David\Desktop\LeapSDK\samples\Debug\link.860.read.1.tlog
C:\Users\David\Desktop\LeapSDK\samples\Debug\link.860.write.1.tlog
C:\Users\David\Desktop\LeapSDK\samples\Debug\link.916.read.1.tlog
C:\Users\David\Desktop\LeapSDK\samples\Debug\link.916.write.1.tlog
C:\Users\David\Desktop\LeapSDK\samples\Debug\link.command.1.tlog
C:\Users\David\Desktop\LeapSDK\samples\Debug\link.read.1.tlog
C:\Users\David\Desktop\LeapSDK\samples\Debug\link.write.1.tlog
C:\Users\David\Desktop\LeapSDK\samples\Debug\link-cvtres.read.1.tlog
C:\Users\David\Desktop\LeapSDK\samples\Debug\link-cvtres.write.1.tlog
C:\Users\David\Desktop\LeapSDK\samples\Debug\mt.command.1.tlog
C:\Users\David\Desktop\LeapSDK\samples\Debug\mt.read.1.tlog
C:\Users\David\Desktop\LeapSDK\samples\Debug\mt.write.1.tlog
C:\Users\David\Desktop\LeapSDK\samples\Debug\rc.command.1.tlog
C:\Users\David\Desktop\LeapSDK\samples\Debug\rc.read.1.tlog
C:\Users\David\Desktop\LeapSDK\samples\Debug\rc.write.1.tlog
C:\Users\David\Desktop\LeapSDK\samples\Debug\Sample.exe
C:\Users\David\Desktop\LeapSDK\samples\Debug\Sample.exe.embed.manifest
C:\Users\David\Desktop\LeapSDK\samples\Debug\Sample.exe.embed.manifest.res
C:\Users\David\Desktop\LeapSDK\samples\Debug\Sample.exe.intermediate.manifest
C:\Users\David\Desktop\LeapSDK\samples\Debug\Sample.ilk
C:\Users\David\Desktop\LeapSDK\samples\Debug\Sample.interfaz.resources
C:\Users\David\Desktop\LeapSDK\samples\Debug\Sample.interfaz_ganador.resources
C:\Users\David\Desktop\LeapSDK\samples\Debug\Sample.obj
C:\Users\David\Desktop\LeapSDK\samples\Debug\Sample.pdb
C:\Users\David\Desktop\LeapSDK\samples\Debug\Sample_manifest.rc
C:\Users\David\Desktop\LeapSDK\samples\Debug\SampleVS2010.vcxproj.GenerateResource.Cache
C:\Users\David\Desktop\LeapSDK\samples\Debug\SampleVS2010.vcxprojResolveAssemblyReference.cache
C:\Users\David\Desktop\LeapSDK\samples\Debug\SampleVS2010.write.1.tlog
C:\Users\David\Desktop\LeapSDK\samples\Debug\vc100.idb
C:\Users\David\Desktop\LeapSDK\samples\Debug\vc100.pdb
C:\USERS\DAVID\DROPBOX\NPI\TRABAJO FINAL\PROYECTO DE VS\LEAPSDK\SAMPLES\DEBUG\.NETFRAMEWORK,VERSION=V4.0.ASSEMBLYATTRIBUTES.OBJ
C:\USERS\DAVID\DROPBOX\NPI\TRABAJO FINAL\PROYECTO DE VS\LEAPSDK\SAMPLES\DEBUG\INTERFAZ.OBJ
C:\USERS\DAVID\DROPBOX\NPI\TRABAJO FINAL\PROYECTO DE VS\LEAPSDK\SAMPLES\DEBUG\SAMPLE.EXE
C:\USERS\DAVID\DROPBOX\NPI\TRABAJO FINAL\PROYECTO DE VS\LEAPSDK\SAMPLES\DEBUG\SAMPLE.EXE.INTERMEDIATE.MANIFEST
C:\USERS\DAVID\DROPBOX\NPI\TRABAJO FINAL\PROYECTO DE VS\LEAPSDK\SAMPLES\DEBUG\SAMPLE.ILK
C:\USERS\DAVID\DROPBOX\NPI\TRABAJO FINAL\PROYECTO DE VS\LEAPSDK\SAMPLES\DEBUG\SAMPLE.PDB
C:\USERS\DAVID\DROPBOX\NPI\TRABAJO FINAL\PROYECTO DE VS\LEAPSDK\SAMPLES\DEBUG\VC100.PDB
C:\USERS\MARIA\DESKTOP\NPI.LEAP MOTION\LEAPDEVELOPERKIT_RELEASE_WIN_1.0.9+8391\LEAPDEVELOPERKIT\LEAPSDK\SAMPLES\DEBUG\.NETFRAMEWORK,VERSION=V4.0.ASSEMBLYATTRIBUTES.OBJ
C:\USERS\MARIA\DESKTOP\NPI.LEAP MOTION\LEAPDEVELOPERKIT_RELEASE_WIN_1.0.9+8391\LEAPDEVELOPERKIT\LEAPSDK\SAMPLES\DEBUG\INTERFAZ.OBJ
C:\USERS\MARIA\DESKTOP\NPI.LEAP MOTION\LEAPDEVELOPERKIT_RELEASE_WIN_1.0.9+8391\LEAPDEVELOPERKIT\LEAPSDK\SAMPLES\DEBUG\INTERFAZ_GANADOR.OBJ
C:\USERS\MARIA\DESKTOP\NPI.LEAP MOTION\LEAPDEVELOPERKIT_RELEASE_WIN_1.0.9+8391\LEAPDEVELOPERKIT\LEAPSDK\SAMPLES\DEBUG\SAMPLE.EXE
C:\USERS\MARIA\DESKTOP\NPI.LEAP MOTION\LEAPDEVELOPERKIT_RELEASE_WIN_1.0.9+8391\LEAPDEVELOPERKIT\LEAPSDK\SAMPLES\DEBUG\SAMPLE.EXE.EMBED.MANIFEST.RES
C:\USERS\MARIA\DESKTOP\NPI.LEAP MOTION\LEAPDEVELOPERKIT_RELEASE_WIN_1.0.9+8391\LEAPDEVELOPERKIT\LEAPSDK\SAMPLES\DEBUG\SAMPLE.EXE.INTERMEDIATE.MANIFEST
C:\USERS\MARIA\DESKTOP\NPI.LEAP MOTION\LEAPDEVELOPERKIT_RELEASE_WIN_1.0.9+8391\LEAPDEVELOPERKIT\LEAPSDK\SAMPLES\DEBUG\SAMPLE.ILK
C:\USERS\MARIA\DESKTOP\NPI.LEAP MOTION\LEAPDEVELOPERKIT_RELEASE_WIN_1.0.9+8391\LEAPDEVELOPERKIT\LEAPSDK\SAMPLES\DEBUG\SAMPLE.INTERFAZ.RESOURCES
C:\USERS\MARIA\DESKTOP\NPI.LEAP MOTION\LEAPDEVELOPERKIT_RELEASE_WIN_1.0.9+8391\LEAPDEVELOPERKIT\LEAPSDK\SAMPLES\DEBUG\SAMPLE.INTERFAZ_GANADOR.RESOURCES
C:\USERS\MARIA\DESKTOP\NPI.LEAP MOTION\LEAPDEVELOPERKIT_RELEASE_WIN_1.0.9+8391\LEAPDEVELOPERKIT\LEAPSDK\SAMPLES\DEBUG\SAMPLE.OBJ
C:\USERS\MARIA\DESKTOP\NPI.LEAP MOTION\LEAPDEVELOPERKIT_RELEASE_WIN_1.0.9+8391\LEAPDEVELOPERKIT\LEAPSDK\SAMPLES\DEBUG\SAMPLE.PDB
C:\USERS\MARIA\DESKTOP\NPI.LEAP MOTION\LEAPDEVELOPERKIT_RELEASE_WIN_1.0.9+8391\LEAPDEVELOPERKIT\LEAPSDK\SAMPLES\DEBUG\VC100.PDB
C:\USERS\MARIA\DOWNLOADS\LEAPDEVELOPERKIT_RELEASE_WIN_1.0.9+8391\LEAPDEVELOPERKIT\LEAPSDK\SAMPLES\DEBUG\SAMPLE.EXE
C:\USERS\MARIA\DOWNLOADS\LEAPDEVELOPERKIT_RELEASE_WIN_1.0.9+8391\LEAPDEVELOPERKIT\LEAPSDK\SAMPLES\DEBUG\SAMPLE.EXE.EMBED.MANIFEST
C:\USERS\MARIA\DOWNLOADS\LEAPDEVELOPERKIT_RELEASE_WIN_1.0.9+8391\LEAPDEVELOPERKIT\LEAPSDK\SAMPLES\DEBUG\SAMPLE.EXE.EMBED.MANIFEST.RES
C:\USERS\MARIA\DOWNLOADS\LEAPDEVELOPERKIT_RELEASE_WIN_1.0.9+8391\LEAPDEVELOPERKIT\LEAPSDK\SAMPLES\DEBUG\SAMPLE.EXE.INTERMEDIATE.MANIFEST
C:\USERS\MARIA\DOWNLOADS\LEAPDEVELOPERKIT_RELEASE_WIN_1.0.9+8391\LEAPDEVELOPERKIT\LEAPSDK\SAMPLES\DEBUG\SAMPLE.ILK
C:\USERS\MARIA\DOWNLOADS\LEAPDEVELOPERKIT_RELEASE_WIN_1.0.9+8391\LEAPDEVELOPERKIT\LEAPSDK\SAMPLES\DEBUG\SAMPLE.OBJ
C:\USERS\MARIA\DOWNLOADS\LEAPDEVELOPERKIT_RELEASE_WIN_1.0.9+8391\LEAPDEVELOPERKIT\LEAPSDK\SAMPLES\DEBUG\SAMPLE.PDB
C:\USERS\MARIA\DOWNLOADS\LEAPDEVELOPERKIT_RELEASE_WIN_1.0.9+8391\LEAPDEVELOPERKIT\LEAPSDK\SAMPLES\DEBUG\VC100.PDB
